[2024-11-16T20:57:57.738Z] DEBUG: CLI: Initializing application
[2024-11-16T20:57:57.740Z] INFO: Initialized director agent: director-1
[2024-11-16T20:57:57.740Z] INFO: Initialized analyst agent: analyst-1
[2024-11-16T20:57:57.740Z] INFO: Initialized critic agent: critic-1
[2024-11-16T20:57:57.740Z] INFO: Initialized expert agent: expert-1
[2024-11-16T20:57:57.741Z] DEBUG: [Coordinator] Initialized with dependencies
[2024-11-16T20:57:57.741Z] INFO: Application initialized successfully
[2024-11-16T20:57:57.741Z] DEBUG: CLI: Response subscription system verified
[2024-11-16T20:57:57.743Z] DEBUG: Setting up thinking callback
[2024-11-16T20:58:00.488Z] DEBUG: CLI: Setting up response subscription
[2024-11-16T20:58:00.488Z] DEBUG: Processing message in app.js:
{
  "content": "i want to start a business "
}
[2024-11-16T20:58:00.489Z] INFO: Processing user message for conversation conv-blgatotmom3kngh49
[2024-11-16T20:58:00.489Z] DEBUG: Starting discussion coordination with callback:
true
[2024-11-16T20:58:00.490Z] DEBUG: [Coordinator] Starting coordination for conversation: conv-blgatotmom3kngh49
{
  "message": {
    "agentId": "user",
    "content": "i want to start a business ",
    "timestamp": 1731790680489
  }
}
[2024-11-16T20:58:00.490Z] DEBUG: [Coordinator] Initializing conversation
{
  "conversationId": "conv-blgatotmom3kngh49"
}
[2024-11-16T20:58:00.491Z] WARN: Conversation conv-blgatotmom3kngh49 not found
[2024-11-16T20:58:00.491Z] INFO: Created new conversation conv-blgatotmom3kngh49
[2024-11-16T20:58:00.492Z] DEBUG: [ConversationManager] Attempting to log message for conversation conv-blgatotmom3kngh49
[2024-11-16T20:58:00.492Z] DEBUG: [ConversationManager] Successfully logged message for conversation conv-blgatotmom3kngh49
{
  "messageId": "conv-blgatotmom3kngh49-0",
  "timestamp": 1731790680492
}
[2024-11-16T20:58:00.492Z] DEBUG: [Coordinator] Conversation initialized
{
  "conversationId": "conv-blgatotmom3kngh49"
}
[2024-11-16T20:58:00.492Z] DEBUG: [AgentManager] Getting director agent
[2024-11-16T20:58:00.492Z] DEBUG: [Coordinator] Director retrieved
{
  "directorId": "director-1"
}
[2024-11-16T20:58:00.493Z] DEBUG: [AgentManager] Getting available agents
{
  "excludingId": "director-1"
}
[2024-11-16T20:58:00.493Z] DEBUG: [Coordinator] Available agents retrieved
{
  "count": 3
}
[2024-11-16T20:58:00.493Z] DEBUG: [Coordinator] Starting planning phase
[2024-11-16T20:58:00.493Z] DEBUG: [Coordinator] Executing initial planning
{
  "messageContent": "i want to start a business "
}
[2024-11-16T20:58:00.494Z] ERROR: [Coordinator] Error orchestrating discussion:
{}
[2024-11-16T20:58:00.494Z] ERROR: Error processing user message:
{}
[2024-11-16T20:58:00.494Z] DEBUG: CLI: Cleaning up response subscription
[2024-11-16T20:58:02.205Z] ERROR: Failed to initialize CLI application:
{
  "name": "ExitPromptError"
}
[2024-11-16T20:58:02.206Z] ERROR: CLI Error:
{
  "name": "ExitPromptError"
}
